Arguments: 
  /usr/bin/node /usr/share/yarn/bin/yarn.js install

PATH: 
  /home/elvis/.rbenv/shims:/home/elvis/.rbenv/bin:/home/elvis/.rbenv/shims:/home/elvis/.rbenv/bin:/usr/local/sbin:/usr/local/bin:/usr/sbin:/usr/bin:/sbin:/bin:/usr/games:/usr/local/games:/snap/bin

Yarn version: 
  1.22.4

Node version: 
  12.16.1

Platform: 
  linux x64

Trace: 
  Error: https://registry.yarnpkg.com/@therealimpostor%2fcreate-project-cli: Not found
      at Request.params.callback [as _callback] (/usr/share/yarn/lib/cli.js:66987:18)
      at Request.self.callback (/usr/share/yarn/lib/cli.js:140748:22)
      at Request.emit (events.js:311:20)
      at Request.<anonymous> (/usr/share/yarn/lib/cli.js:141720:10)
      at Request.emit (events.js:311:20)
      at IncomingMessage.<anonymous> (/usr/share/yarn/lib/cli.js:141642:12)
      at Object.onceWrapper (events.js:417:28)
      at IncomingMessage.emit (events.js:323:22)
      at endReadableNT (_stream_readable.js:1204:12)
      at processTicksAndRejections (internal/process/task_queues.js:84:21)

npm manifest: 
  {
    "name": "express-sequelize-template",
    "version": "1.0.0",
    "main": "index.js",
    "repository": "git@github.com:leopolicastro/express-sequelize-template.git",
    "author": "leopolicastro <lpolicastro@pm.me>",
    "license": "MIT",
    "dependencies": {
      "@therealimpostor/create-project-cli": "^1.0.0",
      "axios": "^0.19.2",
      "cors": "^2.8.5",
      "express": "^4.17.1",
      "pg": "^7.18.2",
      "sequelize": "^5.21.5",
      "sequelize-cli": "^5.5.1"
    },
    "devDependencies": {
      "nodemon": "^2.0.2",
      "dotenv": "^8.2.0"
    },
    "scripts": {
      "start": "node index.js",
      "dev": "nodemon index.js",
      "prettify": "prettier '*/**/*.js' --write"
    }
  }

yarn manifest: 
  No manifest

Lockfile: 
  No lockfile
